<?xml version="1.0" encoding="UTF-8"?>
<testsuite xmlns:xsi="http://www.w3.org/2001/XMLSchema-instance" xsi:noNamespaceSchemaLocation="https://maven.apache.org/surefire/maven-surefire-plugin/xsd/surefire-test-report.xsd" name="TestSuite" time="479.061" tests="44" errors="0" skipped="0" failures="1">
  <properties>
    <property name="gopherProxySet" value="false"/>
    <property name="awt.toolkit" value="sun.lwawt.macosx.LWCToolkit"/>
    <property name="file.encoding.pkg" value="sun.io"/>
    <property name="java.specification.version" value="1.8"/>
    <property name="sun.cpu.isalist" value=""/>
    <property name="sun.jnu.encoding" value="UTF-8"/>
    <property name="java.class.path" value="/Users/alifnabila/IdeaProjects/CostcoWebAuto/Costco/target/test-classes:/Users/alifnabila/IdeaProjects/CostcoWebAuto/Costco/target/classes:/Users/alifnabila/.m2/repository/WebAutoForCostco/GenericOfCostco/1.0-SNAPSHOT/GenericOfCostco-1.0-SNAPSHOT.jar:/Users/alifnabila/.m2/repository/org/testng/testng/6.14.3/testng-6.14.3.jar:/Users/alifnabila/.m2/repository/com/beust/jcommander/1.72/jcommander-1.72.jar:/Users/alifnabila/.m2/repository/org/apache-extras/beanshell/bsh/2.0b6/bsh-2.0b6.jar:/Users/alifnabila/.m2/repository/org/seleniumhq/selenium/selenium-java/3.14.0/selenium-java-3.14.0.jar:/Users/alifnabila/.m2/repository/org/seleniumhq/selenium/selenium-api/3.14.0/selenium-api-3.14.0.jar:/Users/alifnabila/.m2/repository/org/seleniumhq/selenium/selenium-chrome-driver/3.14.0/selenium-chrome-driver-3.14.0.jar:/Users/alifnabila/.m2/repository/org/seleniumhq/selenium/selenium-edge-driver/3.14.0/selenium-edge-driver-3.14.0.jar:/Users/alifnabila/.m2/repository/org/seleniumhq/selenium/selenium-firefox-driver/3.14.0/selenium-firefox-driver-3.14.0.jar:/Users/alifnabila/.m2/repository/org/seleniumhq/selenium/selenium-ie-driver/3.14.0/selenium-ie-driver-3.14.0.jar:/Users/alifnabila/.m2/repository/org/seleniumhq/selenium/selenium-opera-driver/3.14.0/selenium-opera-driver-3.14.0.jar:/Users/alifnabila/.m2/repository/org/seleniumhq/selenium/selenium-remote-driver/3.14.0/selenium-remote-driver-3.14.0.jar:/Users/alifnabila/.m2/repository/org/seleniumhq/selenium/selenium-safari-driver/3.14.0/selenium-safari-driver-3.14.0.jar:/Users/alifnabila/.m2/repository/org/seleniumhq/selenium/selenium-support/3.14.0/selenium-support-3.14.0.jar:/Users/alifnabila/.m2/repository/net/bytebuddy/byte-buddy/1.8.15/byte-buddy-1.8.15.jar:/Users/alifnabila/.m2/repository/org/apache/commons/commons-exec/1.3/commons-exec-1.3.jar:/Users/alifnabila/.m2/repository/commons-codec/commons-codec/1.10/commons-codec-1.10.jar:/Users/alifnabila/.m2/repository/commons-logging/commons-logging/1.2/commons-logging-1.2.jar:/Users/alifnabila/.m2/repository/com/google/guava/guava/25.0-jre/guava-25.0-jre.jar:/Users/alifnabila/.m2/repository/com/google/code/findbugs/jsr305/1.3.9/jsr305-1.3.9.jar:/Users/alifnabila/.m2/repository/org/checkerframework/checker-compat-qual/2.0.0/checker-compat-qual-2.0.0.jar:/Users/alifnabila/.m2/repository/com/google/errorprone/error_prone_annotations/2.1.3/error_prone_annotations-2.1.3.jar:/Users/alifnabila/.m2/repository/com/google/j2objc/j2objc-annotations/1.1/j2objc-annotations-1.1.jar:/Users/alifnabila/.m2/repository/org/codehaus/mojo/animal-sniffer-annotations/1.14/animal-sniffer-annotations-1.14.jar:/Users/alifnabila/.m2/repository/org/apache/httpcomponents/httpclient/4.5.5/httpclient-4.5.5.jar:/Users/alifnabila/.m2/repository/org/apache/httpcomponents/httpcore/4.4.9/httpcore-4.4.9.jar:/Users/alifnabila/.m2/repository/com/squareup/okhttp3/okhttp/3.10.0/okhttp-3.10.0.jar:/Users/alifnabila/.m2/repository/com/squareup/okio/okio/1.14.1/okio-1.14.1.jar:/Users/alifnabila/.m2/repository/org/seleniumhq/selenium/selenium-server/3.14.0/selenium-server-3.14.0.jar:/Users/alifnabila/.m2/repository/org/apache/commons/commons-lang3/3.7/commons-lang3-3.7.jar:/Users/alifnabila/.m2/repository/org/apache/commons/commons-text/1.1/commons-text-1.1.jar:/Users/alifnabila/.m2/repository/commons-io/commons-io/2.6/commons-io-2.6.jar:/Users/alifnabila/.m2/repository/commons-net/commons-net/3.6/commons-net-3.6.jar:/Users/alifnabila/.m2/repository/net/sourceforge/htmlunit/htmlunit/2.30/htmlunit-2.30.jar:/Users/alifnabila/.m2/repository/net/sourceforge/htmlunit/htmlunit-core-js/2.28/htmlunit-core-js-2.28.jar:/Users/alifnabila/.m2/repository/net/sourceforge/htmlunit/htmlunit-cssparser/1.0.0/htmlunit-cssparser-1.0.0.jar:/Users/alifnabila/.m2/repository/net/sourceforge/htmlunit/neko-htmlunit/2.30/neko-htmlunit-2.30.jar:/Users/alifnabila/.m2/repository/org/apache/httpcomponents/httpmime/4.5.5/httpmime-4.5.5.jar:/Users/alifnabila/.m2/repository/net/jcip/jcip-annotations/1.0/jcip-annotations-1.0.jar:/Users/alifnabila/.m2/repository/org/seleniumhq/selenium/jetty-repacked/9.4.8.v20180619/jetty-repacked-9.4.8.v20180619.jar:/Users/alifnabila/.m2/repository/org/eclipse/jetty/jetty-client/9.4.8.v20180619/jetty-client-9.4.8.v20180619.jar:/Users/alifnabila/.m2/repository/org/eclipse/jetty/jetty-http/9.4.8.v20180619/jetty-http-9.4.8.v20180619.jar:/Users/alifnabila/.m2/repository/org/eclipse/jetty/jetty-io/9.4.8.v20180619/jetty-io-9.4.8.v20180619.jar:/Users/alifnabila/.m2/repository/org/eclipse/jetty/jetty-util/9.4.8.v20180619/jetty-util-9.4.8.v20180619.jar:/Users/alifnabila/.m2/repository/org/eclipse/jetty/jetty-xml/9.4.8.v20180619/jetty-xml-9.4.8.v20180619.jar:/Users/alifnabila/.m2/repository/org/seleniumhq/selenium/htmlunit-driver/2.30.0/htmlunit-driver-2.30.0.jar:/Users/alifnabila/.m2/repository/javax/servlet/javax.servlet-api/3.1.0/javax.servlet-api-3.1.0.jar:/Users/alifnabila/.m2/repository/org/eclipse/jetty/websocket/websocket-api/9.4.8.v20180619/websocket-api-9.4.8.v20180619.jar:/Users/alifnabila/.m2/repository/org/eclipse/jetty/websocket/websocket-client/9.4.8.v20180619/websocket-client-9.4.8.v20180619.jar:/Users/alifnabila/.m2/repository/org/eclipse/jetty/websocket/websocket-common/9.4.8.v20180619/websocket-common-9.4.8.v20180619.jar:/Users/alifnabila/.m2/repository/xalan/serializer/2.7.2/serializer-2.7.2.jar:/Users/alifnabila/.m2/repository/xalan/xalan/2.7.2/xalan-2.7.2.jar:/Users/alifnabila/.m2/repository/xerces/xercesImpl/2.11.0/xercesImpl-2.11.0.jar:/Users/alifnabila/.m2/repository/xml-apis/xml-apis/1.4.01/xml-apis-1.4.01.jar:/Users/alifnabila/.m2/repository/org/yaml/snakeyaml/1.19/snakeyaml-1.19.jar:/Users/alifnabila/.m2/repository/org/apache/poi/poi/3.17/poi-3.17.jar:/Users/alifnabila/.m2/repository/org/apache/commons/commons-collections4/4.1/commons-collections4-4.1.jar:/Users/alifnabila/.m2/repository/org/apache/poi/poi-ooxml/3.17/poi-ooxml-3.17.jar:/Users/alifnabila/.m2/repository/org/apache/poi/poi-ooxml-schemas/3.17/poi-ooxml-schemas-3.17.jar:/Users/alifnabila/.m2/repository/org/apache/xmlbeans/xmlbeans/2.6.0/xmlbeans-2.6.0.jar:/Users/alifnabila/.m2/repository/stax/stax-api/1.0.1/stax-api-1.0.1.jar:/Users/alifnabila/.m2/repository/com/github/virtuald/curvesapi/1.04/curvesapi-1.04.jar:/Users/alifnabila/.m2/repository/com/google/api-client/google-api-client/1.22.0/google-api-client-1.22.0.jar:/Users/alifnabila/.m2/repository/com/google/oauth-client/google-oauth-client/1.22.0/google-oauth-client-1.22.0.jar:/Users/alifnabila/.m2/repository/com/google/http-client/google-http-client/1.22.0/google-http-client-1.22.0.jar:/Users/alifnabila/.m2/repository/com/google/http-client/google-http-client-jackson2/1.22.0/google-http-client-jackson2-1.22.0.jar:/Users/alifnabila/.m2/repository/com/fasterxml/jackson/core/jackson-core/2.1.3/jackson-core-2.1.3.jar:/Users/alifnabila/.m2/repository/com/google/guava/guava-jdk5/17.0/guava-jdk5-17.0.jar:/Users/alifnabila/.m2/repository/com/google/oauth-client/google-oauth-client-jetty/1.22.0/google-oauth-client-jetty-1.22.0.jar:/Users/alifnabila/.m2/repository/com/google/oauth-client/google-oauth-client-java6/1.22.0/google-oauth-client-java6-1.22.0.jar:/Users/alifnabila/.m2/repository/org/mortbay/jetty/jetty/6.1.26/jetty-6.1.26.jar:/Users/alifnabila/.m2/repository/org/mortbay/jetty/jetty-util/6.1.26/jetty-util-6.1.26.jar:/Users/alifnabila/.m2/repository/org/mortbay/jetty/servlet-api/2.5-20081211/servlet-api-2.5-20081211.jar:/Users/alifnabila/.m2/repository/com/google/apis/google-api-services-sheets/v4-rev498-1.22.0/google-api-services-sheets-v4-rev498-1.22.0.jar:/Users/alifnabila/.m2/repository/org/mongodb/mongo-java-driver/3.6.0-beta1/mongo-java-driver-3.6.0-beta1.jar:/Users/alifnabila/.m2/repository/mysql/mysql-connector-java/8.0.12/mysql-connector-java-8.0.12.jar:/Users/alifnabila/.m2/repository/com/google/protobuf/protobuf-java/2.6.0/protobuf-java-2.6.0.jar:/Users/alifnabila/.m2/repository/com/aventstack/extentreports/3.0.7/extentreports-3.0.7.jar:/Users/alifnabila/.m2/repository/org/freemarker/freemarker/2.3.23/freemarker-2.3.23.jar:/Users/alifnabila/.m2/repository/org/mongodb/mongodb-driver/3.3.0/mongodb-driver-3.3.0.jar:/Users/alifnabila/.m2/repository/org/mongodb/bson/3.3.0/bson-3.3.0.jar:/Users/alifnabila/.m2/repository/org/mongodb/mongodb-driver-core/3.3.0/mongodb-driver-core-3.3.0.jar:/Users/alifnabila/.m2/repository/org/jsoup/jsoup/1.9.2/jsoup-1.9.2.jar:/Users/alifnabila/.m2/repository/com/google/code/gson/gson/2.8.0/gson-2.8.0.jar:/Users/alifnabila/.m2/repository/com/relevantcodes/extentreports/2.41.1/extentreports-2.41.1.jar:/Users/alifnabila/.m2/repository/org/xerial/sqlite-jdbc/3.8.11.1/sqlite-jdbc-3.8.11.1.jar:/Users/alifnabila/.m2/repository/io/rest-assured/rest-assured/3.0.6/rest-assured-3.0.6.jar:/Users/alifnabila/.m2/repository/org/codehaus/groovy/groovy/2.4.12/groovy-2.4.12.jar:/Users/alifnabila/.m2/repository/org/codehaus/groovy/groovy-xml/2.4.12/groovy-xml-2.4.12.jar:/Users/alifnabila/.m2/repository/org/hamcrest/hamcrest-core/1.3/hamcrest-core-1.3.jar:/Users/alifnabila/.m2/repository/org/hamcrest/hamcrest-library/1.3/hamcrest-library-1.3.jar:/Users/alifnabila/.m2/repository/org/ccil/cowan/tagsoup/tagsoup/1.2.1/tagsoup-1.2.1.jar:/Users/alifnabila/.m2/repository/io/rest-assured/json-path/3.0.6/json-path-3.0.6.jar:/Users/alifnabila/.m2/repository/org/codehaus/groovy/groovy-json/2.4.12/groovy-json-2.4.12.jar:/Users/alifnabila/.m2/repository/io/rest-assured/rest-assured-common/3.0.6/rest-assured-common-3.0.6.jar:/Users/alifnabila/.m2/repository/io/rest-assured/xml-path/3.0.6/xml-path-3.0.6.jar:/Users/alifnabila/.m2/repository/javax/xml/bind/jaxb-api/2.2.12/jaxb-api-2.2.12.jar:/Users/alifnabila/.m2/repository/org/hamcrest/hamcrest-all/1.3/hamcrest-all-1.3.jar:/Users/alifnabila/.m2/repository/com/googlecode/json-simple/json-simple/1.1.1/json-simple-1.1.1.jar:/Users/alifnabila/.m2/repository/junit/junit/4.10/junit-4.10.jar:/Users/alifnabila/.m2/repository/org/apache/maven/surefire/surefire-testng-utils/2.20.1/surefire-testng-utils-2.20.1.jar:/Users/alifnabila/.m2/repository/org/apache/maven/surefire/surefire-grouper/2.20.1/surefire-grouper-2.20.1.jar:"/>
    <property name="java.vm.vendor" value="Oracle Corporation"/>
    <property name="sun.arch.data.model" value="64"/>
    <property name="java.vendor.url" value="http://java.oracle.com/"/>
    <property name="user.timezone" value=""/>
    <property name="java.vm.specification.version" value="1.8"/>
    <property name="os.name" value="Mac OS X"/>
    <property name="user.country" value="US"/>
    <property name="sun.java.launcher" value="SUN_STANDARD"/>
    <property name="sun.boot.library.path" value="/Library/Java/JavaVirtualMachines/jdk1.8.0_162.jdk/Contents/Home/jre/lib"/>
    <property name="sun.java.command" value="/Users/alifnabila/IdeaProjects/CostcoWebAuto/Costco/target/surefire/surefirebooter1214056933440359694.jar /Users/alifnabila/IdeaProjects/CostcoWebAuto/Costco/target/surefire 2018-10-04T13-38-34_173-jvmRun1 surefire3520065478246862921tmp surefire_02161890430582752189tmp"/>
    <property name="http.nonProxyHosts" value="local|*.local|169.254/16|*.169.254/16"/>
    <property name="surefire.test.class.path" value="/Users/alifnabila/IdeaProjects/CostcoWebAuto/Costco/target/test-classes:/Users/alifnabila/IdeaProjects/CostcoWebAuto/Costco/target/classes:/Users/alifnabila/.m2/repository/WebAutoForCostco/GenericOfCostco/1.0-SNAPSHOT/GenericOfCostco-1.0-SNAPSHOT.jar:/Users/alifnabila/.m2/repository/org/testng/testng/6.14.3/testng-6.14.3.jar:/Users/alifnabila/.m2/repository/com/beust/jcommander/1.72/jcommander-1.72.jar:/Users/alifnabila/.m2/repository/org/apache-extras/beanshell/bsh/2.0b6/bsh-2.0b6.jar:/Users/alifnabila/.m2/repository/org/seleniumhq/selenium/selenium-java/3.14.0/selenium-java-3.14.0.jar:/Users/alifnabila/.m2/repository/org/seleniumhq/selenium/selenium-api/3.14.0/selenium-api-3.14.0.jar:/Users/alifnabila/.m2/repository/org/seleniumhq/selenium/selenium-chrome-driver/3.14.0/selenium-chrome-driver-3.14.0.jar:/Users/alifnabila/.m2/repository/org/seleniumhq/selenium/selenium-edge-driver/3.14.0/selenium-edge-driver-3.14.0.jar:/Users/alifnabila/.m2/repository/org/seleniumhq/selenium/selenium-firefox-driver/3.14.0/selenium-firefox-driver-3.14.0.jar:/Users/alifnabila/.m2/repository/org/seleniumhq/selenium/selenium-ie-driver/3.14.0/selenium-ie-driver-3.14.0.jar:/Users/alifnabila/.m2/repository/org/seleniumhq/selenium/selenium-opera-driver/3.14.0/selenium-opera-driver-3.14.0.jar:/Users/alifnabila/.m2/repository/org/seleniumhq/selenium/selenium-remote-driver/3.14.0/selenium-remote-driver-3.14.0.jar:/Users/alifnabila/.m2/repository/org/seleniumhq/selenium/selenium-safari-driver/3.14.0/selenium-safari-driver-3.14.0.jar:/Users/alifnabila/.m2/repository/org/seleniumhq/selenium/selenium-support/3.14.0/selenium-support-3.14.0.jar:/Users/alifnabila/.m2/repository/net/bytebuddy/byte-buddy/1.8.15/byte-buddy-1.8.15.jar:/Users/alifnabila/.m2/repository/org/apache/commons/commons-exec/1.3/commons-exec-1.3.jar:/Users/alifnabila/.m2/repository/commons-codec/commons-codec/1.10/commons-codec-1.10.jar:/Users/alifnabila/.m2/repository/commons-logging/commons-logging/1.2/commons-logging-1.2.jar:/Users/alifnabila/.m2/repository/com/google/guava/guava/25.0-jre/guava-25.0-jre.jar:/Users/alifnabila/.m2/repository/com/google/code/findbugs/jsr305/1.3.9/jsr305-1.3.9.jar:/Users/alifnabila/.m2/repository/org/checkerframework/checker-compat-qual/2.0.0/checker-compat-qual-2.0.0.jar:/Users/alifnabila/.m2/repository/com/google/errorprone/error_prone_annotations/2.1.3/error_prone_annotations-2.1.3.jar:/Users/alifnabila/.m2/repository/com/google/j2objc/j2objc-annotations/1.1/j2objc-annotations-1.1.jar:/Users/alifnabila/.m2/repository/org/codehaus/mojo/animal-sniffer-annotations/1.14/animal-sniffer-annotations-1.14.jar:/Users/alifnabila/.m2/repository/org/apache/httpcomponents/httpclient/4.5.5/httpclient-4.5.5.jar:/Users/alifnabila/.m2/repository/org/apache/httpcomponents/httpcore/4.4.9/httpcore-4.4.9.jar:/Users/alifnabila/.m2/repository/com/squareup/okhttp3/okhttp/3.10.0/okhttp-3.10.0.jar:/Users/alifnabila/.m2/repository/com/squareup/okio/okio/1.14.1/okio-1.14.1.jar:/Users/alifnabila/.m2/repository/org/seleniumhq/selenium/selenium-server/3.14.0/selenium-server-3.14.0.jar:/Users/alifnabila/.m2/repository/org/apache/commons/commons-lang3/3.7/commons-lang3-3.7.jar:/Users/alifnabila/.m2/repository/org/apache/commons/commons-text/1.1/commons-text-1.1.jar:/Users/alifnabila/.m2/repository/commons-io/commons-io/2.6/commons-io-2.6.jar:/Users/alifnabila/.m2/repository/commons-net/commons-net/3.6/commons-net-3.6.jar:/Users/alifnabila/.m2/repository/net/sourceforge/htmlunit/htmlunit/2.30/htmlunit-2.30.jar:/Users/alifnabila/.m2/repository/net/sourceforge/htmlunit/htmlunit-core-js/2.28/htmlunit-core-js-2.28.jar:/Users/alifnabila/.m2/repository/net/sourceforge/htmlunit/htmlunit-cssparser/1.0.0/htmlunit-cssparser-1.0.0.jar:/Users/alifnabila/.m2/repository/net/sourceforge/htmlunit/neko-htmlunit/2.30/neko-htmlunit-2.30.jar:/Users/alifnabila/.m2/repository/org/apache/httpcomponents/httpmime/4.5.5/httpmime-4.5.5.jar:/Users/alifnabila/.m2/repository/net/jcip/jcip-annotations/1.0/jcip-annotations-1.0.jar:/Users/alifnabila/.m2/repository/org/seleniumhq/selenium/jetty-repacked/9.4.8.v20180619/jetty-repacked-9.4.8.v20180619.jar:/Users/alifnabila/.m2/repository/org/eclipse/jetty/jetty-client/9.4.8.v20180619/jetty-client-9.4.8.v20180619.jar:/Users/alifnabila/.m2/repository/org/eclipse/jetty/jetty-http/9.4.8.v20180619/jetty-http-9.4.8.v20180619.jar:/Users/alifnabila/.m2/repository/org/eclipse/jetty/jetty-io/9.4.8.v20180619/jetty-io-9.4.8.v20180619.jar:/Users/alifnabila/.m2/repository/org/eclipse/jetty/jetty-util/9.4.8.v20180619/jetty-util-9.4.8.v20180619.jar:/Users/alifnabila/.m2/repository/org/eclipse/jetty/jetty-xml/9.4.8.v20180619/jetty-xml-9.4.8.v20180619.jar:/Users/alifnabila/.m2/repository/org/seleniumhq/selenium/htmlunit-driver/2.30.0/htmlunit-driver-2.30.0.jar:/Users/alifnabila/.m2/repository/javax/servlet/javax.servlet-api/3.1.0/javax.servlet-api-3.1.0.jar:/Users/alifnabila/.m2/repository/org/eclipse/jetty/websocket/websocket-api/9.4.8.v20180619/websocket-api-9.4.8.v20180619.jar:/Users/alifnabila/.m2/repository/org/eclipse/jetty/websocket/websocket-client/9.4.8.v20180619/websocket-client-9.4.8.v20180619.jar:/Users/alifnabila/.m2/repository/org/eclipse/jetty/websocket/websocket-common/9.4.8.v20180619/websocket-common-9.4.8.v20180619.jar:/Users/alifnabila/.m2/repository/xalan/serializer/2.7.2/serializer-2.7.2.jar:/Users/alifnabila/.m2/repository/xalan/xalan/2.7.2/xalan-2.7.2.jar:/Users/alifnabila/.m2/repository/xerces/xercesImpl/2.11.0/xercesImpl-2.11.0.jar:/Users/alifnabila/.m2/repository/xml-apis/xml-apis/1.4.01/xml-apis-1.4.01.jar:/Users/alifnabila/.m2/repository/org/yaml/snakeyaml/1.19/snakeyaml-1.19.jar:/Users/alifnabila/.m2/repository/org/apache/poi/poi/3.17/poi-3.17.jar:/Users/alifnabila/.m2/repository/org/apache/commons/commons-collections4/4.1/commons-collections4-4.1.jar:/Users/alifnabila/.m2/repository/org/apache/poi/poi-ooxml/3.17/poi-ooxml-3.17.jar:/Users/alifnabila/.m2/repository/org/apache/poi/poi-ooxml-schemas/3.17/poi-ooxml-schemas-3.17.jar:/Users/alifnabila/.m2/repository/org/apache/xmlbeans/xmlbeans/2.6.0/xmlbeans-2.6.0.jar:/Users/alifnabila/.m2/repository/stax/stax-api/1.0.1/stax-api-1.0.1.jar:/Users/alifnabila/.m2/repository/com/github/virtuald/curvesapi/1.04/curvesapi-1.04.jar:/Users/alifnabila/.m2/repository/com/google/api-client/google-api-client/1.22.0/google-api-client-1.22.0.jar:/Users/alifnabila/.m2/repository/com/google/oauth-client/google-oauth-client/1.22.0/google-oauth-client-1.22.0.jar:/Users/alifnabila/.m2/repository/com/google/http-client/google-http-client/1.22.0/google-http-client-1.22.0.jar:/Users/alifnabila/.m2/repository/com/google/http-client/google-http-client-jackson2/1.22.0/google-http-client-jackson2-1.22.0.jar:/Users/alifnabila/.m2/repository/com/fasterxml/jackson/core/jackson-core/2.1.3/jackson-core-2.1.3.jar:/Users/alifnabila/.m2/repository/com/google/guava/guava-jdk5/17.0/guava-jdk5-17.0.jar:/Users/alifnabila/.m2/repository/com/google/oauth-client/google-oauth-client-jetty/1.22.0/google-oauth-client-jetty-1.22.0.jar:/Users/alifnabila/.m2/repository/com/google/oauth-client/google-oauth-client-java6/1.22.0/google-oauth-client-java6-1.22.0.jar:/Users/alifnabila/.m2/repository/org/mortbay/jetty/jetty/6.1.26/jetty-6.1.26.jar:/Users/alifnabila/.m2/repository/org/mortbay/jetty/jetty-util/6.1.26/jetty-util-6.1.26.jar:/Users/alifnabila/.m2/repository/org/mortbay/jetty/servlet-api/2.5-20081211/servlet-api-2.5-20081211.jar:/Users/alifnabila/.m2/repository/com/google/apis/google-api-services-sheets/v4-rev498-1.22.0/google-api-services-sheets-v4-rev498-1.22.0.jar:/Users/alifnabila/.m2/repository/org/mongodb/mongo-java-driver/3.6.0-beta1/mongo-java-driver-3.6.0-beta1.jar:/Users/alifnabila/.m2/repository/mysql/mysql-connector-java/8.0.12/mysql-connector-java-8.0.12.jar:/Users/alifnabila/.m2/repository/com/google/protobuf/protobuf-java/2.6.0/protobuf-java-2.6.0.jar:/Users/alifnabila/.m2/repository/com/aventstack/extentreports/3.0.7/extentreports-3.0.7.jar:/Users/alifnabila/.m2/repository/org/freemarker/freemarker/2.3.23/freemarker-2.3.23.jar:/Users/alifnabila/.m2/repository/org/mongodb/mongodb-driver/3.3.0/mongodb-driver-3.3.0.jar:/Users/alifnabila/.m2/repository/org/mongodb/bson/3.3.0/bson-3.3.0.jar:/Users/alifnabila/.m2/repository/org/mongodb/mongodb-driver-core/3.3.0/mongodb-driver-core-3.3.0.jar:/Users/alifnabila/.m2/repository/org/jsoup/jsoup/1.9.2/jsoup-1.9.2.jar:/Users/alifnabila/.m2/repository/com/google/code/gson/gson/2.8.0/gson-2.8.0.jar:/Users/alifnabila/.m2/repository/com/relevantcodes/extentreports/2.41.1/extentreports-2.41.1.jar:/Users/alifnabila/.m2/repository/org/xerial/sqlite-jdbc/3.8.11.1/sqlite-jdbc-3.8.11.1.jar:/Users/alifnabila/.m2/repository/io/rest-assured/rest-assured/3.0.6/rest-assured-3.0.6.jar:/Users/alifnabila/.m2/repository/org/codehaus/groovy/groovy/2.4.12/groovy-2.4.12.jar:/Users/alifnabila/.m2/repository/org/codehaus/groovy/groovy-xml/2.4.12/groovy-xml-2.4.12.jar:/Users/alifnabila/.m2/repository/org/hamcrest/hamcrest-core/1.3/hamcrest-core-1.3.jar:/Users/alifnabila/.m2/repository/org/hamcrest/hamcrest-library/1.3/hamcrest-library-1.3.jar:/Users/alifnabila/.m2/repository/org/ccil/cowan/tagsoup/tagsoup/1.2.1/tagsoup-1.2.1.jar:/Users/alifnabila/.m2/repository/io/rest-assured/json-path/3.0.6/json-path-3.0.6.jar:/Users/alifnabila/.m2/repository/org/codehaus/groovy/groovy-json/2.4.12/groovy-json-2.4.12.jar:/Users/alifnabila/.m2/repository/io/rest-assured/rest-assured-common/3.0.6/rest-assured-common-3.0.6.jar:/Users/alifnabila/.m2/repository/io/rest-assured/xml-path/3.0.6/xml-path-3.0.6.jar:/Users/alifnabila/.m2/repository/javax/xml/bind/jaxb-api/2.2.12/jaxb-api-2.2.12.jar:/Users/alifnabila/.m2/repository/org/hamcrest/hamcrest-all/1.3/hamcrest-all-1.3.jar:/Users/alifnabila/.m2/repository/com/googlecode/json-simple/json-simple/1.1.1/json-simple-1.1.1.jar:/Users/alifnabila/.m2/repository/junit/junit/4.10/junit-4.10.jar:/Users/alifnabila/.m2/repository/org/apache/maven/surefire/surefire-testng-utils/2.20.1/surefire-testng-utils-2.20.1.jar:/Users/alifnabila/.m2/repository/org/apache/maven/surefire/surefire-grouper/2.20.1/surefire-grouper-2.20.1.jar:"/>
    <property name="sun.cpu.endian" value="little"/>
    <property name="user.home" value="/Users/alifnabila"/>
    <property name="user.language" value="en"/>
    <property name="java.specification.vendor" value="Oracle Corporation"/>
    <property name="java.home" value="/Library/Java/JavaVirtualMachines/jdk1.8.0_162.jdk/Contents/Home/jre"/>
    <property name="basedir" value="/Users/alifnabila/IdeaProjects/CostcoWebAuto/Costco"/>
    <property name="file.separator" value="/"/>
    <property name="line.separator" value="&#10;"/>
    <property name="java.vm.specification.vendor" value="Oracle Corporation"/>
    <property name="java.specification.name" value="Java Platform API Specification"/>
    <property name="java.awt.graphicsenv" value="sun.awt.CGraphicsEnvironment"/>
    <property name="surefire.real.class.path" value="/Users/alifnabila/IdeaProjects/CostcoWebAuto/Costco/target/surefire/surefirebooter1214056933440359694.jar"/>
    <property name="sun.boot.class.path" value="/Library/Java/JavaVirtualMachines/jdk1.8.0_162.jdk/Contents/Home/jre/lib/resources.jar:/Library/Java/JavaVirtualMachines/jdk1.8.0_162.jdk/Contents/Home/jre/lib/rt.jar:/Library/Java/JavaVirtualMachines/jdk1.8.0_162.jdk/Contents/Home/jre/lib/sunrsasign.jar:/Library/Java/JavaVirtualMachines/jdk1.8.0_162.jdk/Contents/Home/jre/lib/jsse.jar:/Library/Java/JavaVirtualMachines/jdk1.8.0_162.jdk/Contents/Home/jre/lib/jce.jar:/Library/Java/JavaVirtualMachines/jdk1.8.0_162.jdk/Contents/Home/jre/lib/charsets.jar:/Library/Java/JavaVirtualMachines/jdk1.8.0_162.jdk/Contents/Home/jre/lib/jfr.jar:/Library/Java/JavaVirtualMachines/jdk1.8.0_162.jdk/Contents/Home/jre/classes"/>
    <property name="sun.management.compiler" value="HotSpot 64-Bit Tiered Compilers"/>
    <property name="ftp.nonProxyHosts" value="local|*.local|169.254/16|*.169.254/16"/>
    <property name="java.runtime.version" value="1.8.0_162-b12"/>
    <property name="user.name" value="alifnabila"/>
    <property name="path.separator" value=":"/>
    <property name="os.version" value="10.14"/>
    <property name="java.endorsed.dirs" value="/Library/Java/JavaVirtualMachines/jdk1.8.0_162.jdk/Contents/Home/jre/lib/endorsed"/>
    <property name="java.runtime.name" value="Java(TM) SE Runtime Environment"/>
    <property name="file.encoding" value="UTF-8"/>
    <property name="java.vm.name" value="Java HotSpot(TM) 64-Bit Server VM"/>
    <property name="localRepository" value="/Users/alifnabila/.m2/repository"/>
    <property name="java.vendor.url.bug" value="http://bugreport.sun.com/bugreport/"/>
    <property name="java.io.tmpdir" value="/var/folders/0h/bw0hs1w908l3cw9xkd75q8m80000gn/T/"/>
    <property name="idea.version" value="2018.1.1"/>
    <property name="java.version" value="1.8.0_162"/>
    <property name="user.dir" value="/Users/alifnabila/IdeaProjects/CostcoWebAuto/Costco"/>
    <property name="os.arch" value="x86_64"/>
    <property name="java.vm.specification.name" value="Java Virtual Machine Specification"/>
    <property name="java.awt.printerjob" value="sun.lwawt.macosx.CPrinterJob"/>
    <property name="sun.os.patch.level" value="unknown"/>
    <property name="java.library.path" value="/Users/alifnabila/Library/Java/Extensions:/Library/Java/Extensions:/Network/Library/Java/Extensions:/System/Library/Java/Extensions:/usr/lib/java:."/>
    <property name="java.vm.info" value="mixed mode"/>
    <property name="java.vendor" value="Oracle Corporation"/>
    <property name="java.vm.version" value="25.162-b12"/>
    <property name="java.ext.dirs" value="/Users/alifnabila/Library/Java/Extensions:/Library/Java/JavaVirtualMachines/jdk1.8.0_162.jdk/Contents/Home/jre/lib/ext:/Library/Java/Extensions:/Network/Library/Java/Extensions:/System/Library/Java/Extensions:/usr/lib/java"/>
    <property name="sun.io.unicode.encoding" value="UnicodeBig"/>
    <property name="java.class.version" value="52.0"/>
    <property name="socksNonProxyHosts" value="local|*.local|169.254/16|*.169.254/16"/>
  </properties>
  <testcase name="openSignInBar" classname="testPages.TestSignIn" time="1.324"/>
  <testcase name="testSignInHardCoded" classname="testPages.TestSignIn" time="5.021"/>
  <testcase name="testSignInIvalidEmailNPass" classname="testPages.TestSignIn" time="5.114"/>
  <testcase name="testSizeOfSignIn" classname="testPages.TestSignIn" time="0.021"/>
  <testcase name="testStatusOfCheckBox" classname="testPages.TestSignIn" time="1.075"/>
  <testcase name="testStatusOfSignInButton" classname="testPages.TestSignIn" time="2.254"/>
  <testcase name="testSelectFeature" classname="triggerTest.TestTrigger" time="4.384"/>
  <testcase name="photoHoverTest2" classname="testPages.TestGrocery" time="1.203"/>
  <testcase name="testClearZipCode" classname="testPages.TestGrocery" time="21.644"/>
  <testcase name="testDefaultWindow" classname="testPages.TestGrocery" time="4.455"/>
  <testcase name="testGetText" classname="testPages.TestGrocery" time="1.454"/>
  <testcase name="testGroceryText" classname="testPages.TestGrocery" time="0.049"/>
  <testcase name="testNegativeZipCode" classname="testPages.TestGrocery" time="22.965"/>
  <testcase name="testPhotoHover" classname="testPages.TestGrocery" time="0.065"/>
  <testcase name="testPositiveZipCode" classname="testPages.TestGrocery" time="21.702"/>
  <testcase name="testTextOfZipCode" classname="testPages.TestGrocery" time="1.364"/>
  <testcase name="SearchItemsFromSearchBox" classname="testSignInGS.TestSignInBar" time="19.351"/>
  <testcase name="testLogInByInvalidIdPassUsingGoogleSheet" classname="testSignInGS.TestSignInBar" time="21.858"/>
  <testcase name="testMultipleByDB" classname="testSearchBar.TestElementSearch" time="56.297"/>
  <testcase name="testSearchByItems" classname="testSearchBar.TestElementSearch" time="1.419"/>
  <testcase name="hoverPharmacy" classname="testPages.TestHomePage" time="0.047"/>
  <testcase name="search" classname="testPages.TestHomePage" time="0.226"/>
  <testcase name="testAllDept" classname="testPages.TestHomePage" time="0.201"/>
  <testcase name="testAllInput" classname="testPages.TestHomePage" time="0.299"/>
  <testcase name="testCostcoLogo" classname="testPages.TestHomePage" time="0.047"/>
  <testcase name="testCurrentURL" classname="testPages.TestHomePage" time="5.044"/>
  <testcase name="testDropDownOfAll" classname="testPages.TestHomePage" time="0.061"/>
  <testcase name="testDropdownOfAll" classname="testPages.TestHomePage" time="0.302"/>
  <testcase name="testEnableStatusSearchBar" classname="testPages.TestHomePage" time="0.216"/>
  <testcase name="testGetAllDept" classname="testPages.TestHomePage" time="0.006"/>
  <testcase name="testGetAllLinks" classname="testPages.TestHomePage" time="2.969"/>
  <testcase name="testHoverShopAllDepartments" classname="testPages.TestHomePage" time="0.096"/>
  <testcase name="testListOfStringOfAllDept" classname="testPages.TestHomePage" time="0.049"/>
  <testcase name="testNavigate" classname="testPages.TestHomePage" time="12.09"/>
  <testcase name="testShowCostcoTitle" classname="testPages.TestHomePage" time="0.008"/>
  <testcase name="testTagName" classname="testPages.TestHomePage" time="0.27"/>
  <testcase name="testCreditCard" classname="testPages.TestCustomerService" time="4.867"/>
  <testcase name="testMembership" classname="testPages.TestCustomerService" time="4.033"/>
  <testcase name="testTabSwitching" classname="testPages.TestCustomerService" time="8.559"/>
  <testcase name="testWindowHandle" classname="testPages.TestCustomerService" time="6.701"/>
  <testcase name="testConvertToString" classname="testPages.TestCountrySelection" time="0.001"/>
  <testcase name="testDismissAlert" classname="testPages.TestCountrySelection" time="36.703">
    <failure message="Expected condition failed: waiting for element to be clickable: Proxy element for: DefaultElementLocator &apos;By.cssSelector: //#waypoint_icons &gt; a:nth-child(1)&apos; (tried for 35 second(s) with 500 milliseconds interval)" type="org.openqa.selenium.TimeoutException">org.openqa.selenium.TimeoutException: Expected condition failed: waiting for element to be clickable: Proxy element for: DefaultElementLocator 'By.cssSelector: //#waypoint_icons > a:nth-child(1)' (tried for 35 second(s) with 500 milliseconds interval)
	at testPages.TestCountrySelection.testDismissAlert(TestCountrySelection.java:19)
Caused by: org.openqa.selenium.InvalidSelectorException: 
invalid selector: An invalid or illegal selector was specified
  (Session info: chrome=69.0.3497.100)
  (Driver info: chromedriver=2.42.591059 (a3d9684d10d61aa0c45f6723b327283be1ebaad8),platform=Mac OS X 10.14.0 x86_64) (WARNING: The server did not provide any stacktrace information)
Command duration or timeout: 0 milliseconds
For documentation on this error, please visit: http://seleniumhq.org/exceptions/invalid_selector_exception.html
Build info: version: '3.14.0', revision: 'aacccce0', time: '2018-08-02T20:19:58.91Z'
System info: host: 'Alifs-MacBook-Pro.local', ip: '2604:2000:1700:c404:0:0:0:1%en0', os.name: 'Mac OS X', os.arch: 'x86_64', os.version: '10.14', java.version: '1.8.0_162'
Driver info: org.openqa.selenium.chrome.ChromeDriver
Capabilities {acceptInsecureCerts: false, acceptSslCerts: false, applicationCacheEnabled: false, browserConnectionEnabled: false, browserName: chrome, chrome: {chromedriverVersion: 2.42.591059 (a3d9684d10d61a..., userDataDir: /var/folders/0h/bw0hs1w908l...}, cssSelectorsEnabled: true, databaseEnabled: false, goog:chromeOptions: {debuggerAddress: localhost:52773}, handlesAlerts: true, hasTouchScreen: false, javascriptEnabled: true, locationContextEnabled: true, mobileEmulationEnabled: false, nativeEvents: true, networkConnectionEnabled: false, pageLoadStrategy: normal, platform: MAC, platformName: MAC, rotatable: false, setWindowRect: true, takesHeapSnapshot: true, takesScreenshot: true, unexpectedAlertBehaviour: , unhandledPromptBehavior: , version: 69.0.3497.100, webStorageEnabled: true}
Session ID: 8005f9f06472a749626c2cbb4005033e
*** Element info: {Using=css selector, value=//#waypoint_icons > a:nth-child(1)}
	at testPages.TestCountrySelection.testDismissAlert(TestCountrySelection.java:19)
</failure>
    <system-out><![CDATA[initialization Of Element
TestCountrySelection: initialization Of Element
test Dismiss Alert
TestCountrySelection: test Dismiss Alert
alert Pop Up
CountrySelection: alert Pop Up
]]></system-out>
    <system-err><![CDATA[Starting ChromeDriver 2.42.591059 (a3d9684d10d61aa0c45f6723b327283be1ebaad8) on port 8706
Only local connections are allowed.
Oct 04, 2018 1:45:33 PM org.openqa.selenium.remote.ProtocolHandshake createSession
INFO: Detected dialect: OSS
]]></system-err>
  </testcase>
  <testcase name="testGroceryButton" classname="testPages.TestGrocery" time="1.81"/>
  <testcase name="testCustomerService" classname="testPages.TestCustomerService" time="2.631"/>
</testsuite>