<?xml version="1.0" encoding="UTF-8"?>
<!-- Generated by org.testng.reporters.JUnitReportReporter -->
<testsuite skipped="0" hostname="Alifs-MacBook-Pro.local" name="testPages.TestGrocery" tests="10" failures="0" timestamp="04 Oct 2018 17:46:33 GMT" time="115.874" errors="0">
  <testcase name="testClearZipCode" time="25.299" classname="testPages.TestGrocery"/>
  <testcase name="testTextOfZipCode" time="7.488" classname="testPages.TestGrocery"/>
  <testcase name="testGetText" time="5.267" classname="testPages.TestGrocery"/>
  <testcase name="testNegativeZipCode" time="26.736" classname="testPages.TestGrocery"/>
  <testcase name="testGroceryText" time="3.539" classname="testPages.TestGrocery"/>
  <testcase name="testPhotoHover" time="3.624" classname="testPages.TestGrocery"/>
  <testcase name="photoHoverTest2" time="4.858" classname="testPages.TestGrocery"/>
  <testcase name="testDefaultWindow" time="8.180" classname="testPages.TestGrocery"/>
  <testcase name="testPositiveZipCode" time="25.436" classname="testPages.TestGrocery"/>
  <testcase name="testGroceryButton" time="5.447" classname="testPages.TestGrocery"/>
</testsuite> <!-- testPages.TestGrocery -->
