<?xml version="1.0" encoding="UTF-8"?>
<!-- Generated by org.testng.reporters.JUnitReportReporter -->
<testsuite skipped="0" hostname="Alifs-MacBook-Pro.local" name="testSignInGS.TestSignInBar" tests="2" failures="0" timestamp="04 Oct 2018 17:46:33 GMT" time="48.603" errors="0">
  <testcase name="testLogInByInvalidIdPassUsingGoogleSheet" time="25.547" classname="testSignInGS.TestSignInBar"/>
  <testcase name="SearchItemsFromSearchBox" time="23.056" classname="testSignInGS.TestSignInBar"/>
</testsuite> <!-- testSignInGS.TestSignInBar -->
