<?xml version="1.0" encoding="UTF-8"?>
<!-- Generated by org.testng.reporters.JUnitReportReporter -->
<testsuite skipped="0" hostname="Alifs-MacBook-Pro.local" name="testPages.TestSignIn" tests="6" failures="0" timestamp="04 Oct 2018 17:46:33 GMT" time="36.150" errors="0">
  <testcase name="testSignInHardCoded" time="8.860" classname="testPages.TestSignIn"/>
  <testcase name="testStatusOfSignInButton" time="5.877" classname="testPages.TestSignIn"/>
  <testcase name="testSignInIvalidEmailNPass" time="8.535" classname="testPages.TestSignIn"/>
  <testcase name="testStatusOfCheckBox" time="4.640" classname="testPages.TestSignIn"/>
  <testcase name="openSignInBar" time="4.685" classname="testPages.TestSignIn"/>
  <testcase name="testSizeOfSignIn" time="3.553" classname="testPages.TestSignIn"/>
</testsuite> <!-- testPages.TestSignIn -->
