<?xml version="1.0" encoding="UTF-8"?>
<!-- Generated by org.testng.reporters.JUnitReportReporter -->
<testsuite skipped="0" hostname="Alifs-MacBook-Pro.local" name="testSignInGS.TestSignInBar" tests="2" failures="0" timestamp="07 Oct 2018 15:31:08 GMT" time="90.369" errors="0">
  <testcase name="testLogInByInvalidIdPassUsingGoogleSheet" time="49.567" classname="testSignInGS.TestSignInBar"/>
  <testcase name="SearchItemsFromSearchBox" time="40.802" classname="testSignInGS.TestSignInBar"/>
</testsuite> <!-- testSignInGS.TestSignInBar -->
