<?xml version="1.0" encoding="UTF-8"?>
<!-- Generated by org.testng.reporters.JUnitReportReporter -->
<testsuite skipped="0" hostname="Alifs-MacBook-Pro.local" name="testPages.TestHomePage" tests="16" failures="0" timestamp="04 Oct 2018 17:46:33 GMT" time="96.295" errors="0">
  <testcase name="testCurrentURL" time="9.421" classname="testPages.TestHomePage"/>
  <testcase name="testAllDept" time="5.145" classname="testPages.TestHomePage"/>
  <testcase name="hoverPharmacy" time="4.887" classname="testPages.TestHomePage"/>
  <testcase name="testDropdownOfAll" time="4.645" classname="testPages.TestHomePage"/>
  <testcase name="testGetAllLinks" time="7.977" classname="testPages.TestHomePage"/>
  <testcase name="search" time="4.798" classname="testPages.TestHomePage"/>
  <testcase name="testDropDownOfAll" time="4.162" classname="testPages.TestHomePage"/>
  <testcase name="testEnableStatusSearchBar" time="5.406" classname="testPages.TestHomePage"/>
  <testcase name="testGetAllDept" time="4.353" classname="testPages.TestHomePage"/>
  <testcase name="testNavigate" time="17.106" classname="testPages.TestHomePage"/>
  <testcase name="testShowCostcoTitle" time="4.837" classname="testPages.TestHomePage"/>
  <testcase name="testHoverShopAllDepartments" time="4.601" classname="testPages.TestHomePage"/>
  <testcase name="testCostcoLogo" time="4.895" classname="testPages.TestHomePage"/>
  <testcase name="testAllInput" time="4.877" classname="testPages.TestHomePage"/>
  <testcase name="testListOfStringOfAllDept" time="4.511" classname="testPages.TestHomePage"/>
  <testcase name="testTagName" time="4.674" classname="testPages.TestHomePage"/>
</testsuite> <!-- testPages.TestHomePage -->
