<?xml version="1.0" encoding="UTF-8"?>
<!-- Generated by org.testng.reporters.JUnitReportReporter -->
<testsuite skipped="0" hostname="Alifs-MacBook-Pro.local" name="testSearchBar.TestElementSearch" tests="2" failures="0" timestamp="04 Oct 2018 17:46:33 GMT" time="65.555" errors="0">
  <testcase name="testMultipleByDB" time="60.199" classname="testSearchBar.TestElementSearch"/>
  <testcase name="testSearchByItems" time="5.356" classname="testSearchBar.TestElementSearch"/>
</testsuite> <!-- testSearchBar.TestElementSearch -->
