<?xml version="1.0" encoding="UTF-8"?>
<!-- Generated by org.testng.reporters.JUnitReportReporter -->
<testsuite skipped="0" hostname="Alifs-MacBook-Pro.local" name="triggerTest.TestTrigger" tests="1" failures="0" timestamp="04 Oct 2018 17:46:33 GMT" time="7.987" errors="0">
  <testcase name="testSelectFeature" time="7.987" classname="triggerTest.TestTrigger"/>
</testsuite> <!-- triggerTest.TestTrigger -->
