<?xml version="1.0" encoding="UTF-8"?>
<!-- Generated by org.testng.reporters.JUnitReportReporter -->
<testsuite skipped="0" hostname="Alifs-MacBook-Pro.local" name="testPages.TestCustomerService" tests="5" failures="0" timestamp="04 Oct 2018 17:46:33 GMT" time="57.530" errors="0">
  <testcase name="testMembership" time="11.259" classname="testPages.TestCustomerService"/>
  <testcase name="testCreditCard" time="12.121" classname="testPages.TestCustomerService"/>
  <testcase name="testWindowHandle" time="11.827" classname="testPages.TestCustomerService"/>
  <testcase name="testTabSwitching" time="14.530" classname="testPages.TestCustomerService"/>
  <testcase name="testCustomerService" time="7.793" classname="testPages.TestCustomerService"/>
</testsuite> <!-- testPages.TestCustomerService -->
