<?xml version="1.0" encoding="UTF-8"?>
<!-- Generated by org.testng.reporters.JUnitReportReporter -->
<testsuite skipped="0" hostname="Alifs-MacBook-Pro.local" name="rest.AllEmployeeRestServices" tests="3" failures="0" timestamp="05 Oct 2018 04:03:14 GMT" time="4.216" errors="0">
  <testcase name="badCallAllEmployeeResources" time="0.293" classname="rest.AllEmployeeRestServices"/>
  <testcase name="serverErrorCallAllEmployeeResources" time="1.970" classname="rest.AllEmployeeRestServices"/>
  <testcase name="callAllEmployeeResources" time="1.953" classname="rest.AllEmployeeRestServices"/>
</testsuite> <!-- rest.AllEmployeeRestServices -->
