<?xml version="1.0" encoding="UTF-8"?>
<!-- Generated by org.testng.reporters.JUnitReportReporter -->
<testsuite skipped="0" hostname="Alifs-MacBook-Pro.local" name="rest.SingleEmployeeRestServices" tests="1" failures="0" timestamp="05 Oct 2018 04:03:14 GMT" time="1.935" errors="0">
  <testcase name="callSingleEmployeeResources" time="1.935" classname="rest.SingleEmployeeRestServices"/>
</testsuite> <!-- rest.SingleEmployeeRestServices -->
