<?xml version="1.0" encoding="UTF-8"?>
<!-- Generated by org.testng.reporters.JUnitReportReporter -->
<testsuite skipped="0" hostname="Alifs-MacBook-Pro.local" name="openLibrary.OpenLibraryRESTfulAPI" tests="7" failures="0" timestamp="05 Oct 2018 04:03:14 GMT" time="31.616" errors="0">
  <testcase name="testGet" time="5.659" classname="openLibrary.OpenLibraryRESTfulAPI"/>
  <testcase name="testResponseTimeInLogIn" time="6.178" classname="openLibrary.OpenLibraryRESTfulAPI"/>
  <testcase name="testgetListName" time="3.534" classname="openLibrary.OpenLibraryRESTfulAPI"/>
  <testcase name="testDeatDate" time="4.327" classname="openLibrary.OpenLibraryRESTfulAPI"/>
  <testcase name="testName" time="4.599" classname="openLibrary.OpenLibraryRESTfulAPI"/>
  <testcase name="testRevision" time="2.364" classname="openLibrary.OpenLibraryRESTfulAPI"/>
  <testcase name="postTestinOpenLibrary" time="4.955" classname="openLibrary.OpenLibraryRESTfulAPI"/>
</testsuite> <!-- openLibrary.OpenLibraryRESTfulAPI -->
